<?xml version="1.0" encoding="UTF-8"?>
<testng-results skipped="0" failed="0" ignored="0" total="1" passed="1">
  <reporter-output>
  </reporter-output>
  <suite name="Suite" duration-ms="18297" started-at="2019-12-15T00:47:40 IST" finished-at="2019-12-15T00:47:58 IST">
    <groups>
    </groups>
    <test name="Test" duration-ms="18297" started-at="2019-12-15T00:47:40 IST" finished-at="2019-12-15T00:47:58 IST">
      <class name="demo.TestCase1">
        <test-method status="PASS" signature="f()[pri:0, instance:demo.TestCase1@30b8a058]" name="f" duration-ms="18155" started-at="2019-12-15T00:47:40 IST" finished-at="2019-12-15T00:47:58 IST">
          <reporter-output>
          </reporter-output>
        </test-method> <!-- f -->
      </class> <!-- demo.TestCase1 -->
    </test> <!-- Test -->
  </suite> <!-- Suite -->
</testng-results>
